  main.cpp
C:\Github\OpenGLProject\OpenGL\MyUtil.h(49,14): warning C4244: '초기화 중': 'double'에서 'float'(으)로 변환하면서 데이터가 손실될 수 있습니다.
C:\Github\OpenGLProject\OpenGL\main.cpp(38,24): warning C4305: '초기화 중': 'double'에서 'float'(으)로 잘립니다.
C:\Github\OpenGLProject\OpenGL\main.cpp(66,77): warning C4244: '인수': 'double'에서 'GLfloat'(으)로 변환하면서 데이터가 손실될 수 있습니다.
C:\Github\OpenGLProject\OpenGL\main.cpp(66,46): warning C4244: '인수': 'double'에서 'GLfloat'(으)로 변환하면서 데이터가 손실될 수 있습니다.
C:\Github\OpenGLProject\OpenGL\main.cpp(69,27): warning C4244: '인수': 'int'에서 'const GLfloat'(으)로 변환하면서 데이터가 손실될 수 있습니다.
C:\Github\OpenGLProject\OpenGL\main.cpp(69,38): warning C4244: '인수': 'int'에서 'const GLfloat'(으)로 변환하면서 데이터가 손실될 수 있습니다.
C:\Github\OpenGLProject\OpenGL\main.cpp(74,50): warning C4244: '=': 'GLfloat'에서 '_Ty1'(으)로 변환하면서 데이터가 손실될 수 있습니다.
          with
          [
              _Ty1=int
          ]
C:\Github\OpenGLProject\OpenGL\main.cpp(75,51): warning C4244: '=': 'GLfloat'에서 '_Ty2'(으)로 변환하면서 데이터가 손실될 수 있습니다.
          with
          [
              _Ty2=int
          ]
C:\Github\OpenGLProject\OpenGL\main.cpp(122,15): warning C4244: '초기화 중': 'double'에서 'int'(으)로 변환하면서 데이터가 손실될 수 있습니다.
C:\Github\OpenGLProject\OpenGL\main.cpp(200,10): warning C4244: '초기화 중': 'int'에서 'float'(으)로 변환하면서 데이터가 손실될 수 있습니다.
C:\Github\OpenGLProject\OpenGL\main.cpp(201,10): warning C4244: '초기화 중': 'int'에서 'float'(으)로 변환하면서 데이터가 손실될 수 있습니다.
C:\Github\OpenGLProject\OpenGL\main.cpp(205,72): warning C4305: '인수': 'double'에서 'const GLfloat'(으)로 잘립니다.
C:\Github\OpenGLProject\OpenGL\main.cpp(212,72): warning C4305: '인수': 'double'에서 'const GLfloat'(으)로 잘립니다.
C:\Github\OpenGLProject\OpenGL\main.cpp(220,21): warning C4018: '<': signed 또는 unsigned가 일치하지 않습니다.
C:\Github\OpenGLProject\OpenGL\main.cpp(225,121): warning C4305: '인수': 'double'에서 'const GLfloat'(으)로 잘립니다.
C:\Github\OpenGLProject\OpenGL\main.cpp(226,105): warning C4305: '인수': 'double'에서 'const GLfloat'(으)로 잘립니다.
C:\Github\OpenGLProject\OpenGL\main.cpp(228,27): warning C4244: '인수': 'double'에서 'GLfloat'(으)로 변환하면서 데이터가 손실될 수 있습니다.
C:\Github\OpenGLProject\OpenGL\main.cpp(237,20): warning C4244: '초기화 중': 'double'에서 'float'(으)로 변환하면서 데이터가 손실될 수 있습니다.
C:\Github\OpenGLProject\OpenGL\main.cpp(256,22): warning C4305: '초기화 중': 'double'에서 'float'(으)로 잘립니다.
C:\Github\OpenGLProject\OpenGL\main.cpp(295,27): warning C4244: '인수': 'float'에서 'GLsizei'(으)로 변환하면서 데이터가 손실될 수 있습니다.
C:\Github\OpenGLProject\OpenGL\main.cpp(295,19): warning C4244: '인수': 'float'에서 'GLsizei'(으)로 변환하면서 데이터가 손실될 수 있습니다.
C:\Github\OpenGLProject\OpenGL\main.cpp(302,56): warning C4305: '인수': 'double'에서 'float'(으)로 잘립니다.
C:\Github\OpenGLProject\OpenGL\main.cpp(309,32): warning C4244: '인수': 'float'에서 'GLsizei'(으)로 변환하면서 데이터가 손실될 수 있습니다.
C:\Github\OpenGLProject\OpenGL\main.cpp(309,24): warning C4244: '인수': 'float'에서 'GLsizei'(으)로 변환하면서 데이터가 손실될 수 있습니다.
C:\Github\OpenGLProject\OpenGL\main.cpp(309,13): warning C4244: '인수': 'float'에서 'GLint'(으)로 변환하면서 데이터가 손실될 수 있습니다.
C:\Github\OpenGLProject\OpenGL\main.cpp(310,6): warning C4244: '=': 'int'에서 'float'(으)로 변환하면서 데이터가 손실될 수 있습니다.
C:\Github\OpenGLProject\OpenGL\main.cpp(330,27): warning C4244: '인수': 'int'에서 'const GLfloat'(으)로 변환하면서 데이터가 손실될 수 있습니다.
C:\Github\OpenGLProject\OpenGL\main.cpp(336,27): warning C4244: '인수': 'int'에서 'const GLfloat'(으)로 변환하면서 데이터가 손실될 수 있습니다.
C:\Github\OpenGLProject\OpenGL\main.cpp(371,29): warning C4244: '인수': 'int'에서 'const GLfloat'(으)로 변환하면서 데이터가 손실될 수 있습니다.
C:\Github\OpenGLProject\OpenGL\main.cpp(377,29): warning C4244: '인수': 'int'에서 'const GLfloat'(으)로 변환하면서 데이터가 손실될 수 있습니다.
C:\Github\OpenGLProject\OpenGL\main.cpp(414,11): warning C4244: '=': 'int'에서 'float'(으)로 변환하면서 데이터가 손실될 수 있습니다.
C:\Github\OpenGLProject\OpenGL\main.cpp(415,12): warning C4244: '=': 'int'에서 'float'(으)로 변환하면서 데이터가 손실될 수 있습니다.
C:\Github\OpenGLProject\OpenGL\main.cpp(425,29): warning C4244: '인수': 'float'에서 'int'(으)로 변환하면서 데이터가 손실될 수 있습니다.
C:\Github\OpenGLProject\OpenGL\main.cpp(425,21): warning C4244: '인수': 'float'에서 'int'(으)로 변환하면서 데이터가 손실될 수 있습니다.
  OpenGL.vcxproj -> C:\Github\OpenGLProject\OpenGL\Debug\OpenGL.exe
